2023-09-06 19:16:41.268 [main] DEBUG com.nagarro.test.BaseTest - We've just greeted the user!
2023-09-06 19:16:41.271 [main] INFO  com.nagarro.test.BaseTest - We've just greeted the user!
2023-09-06 19:16:41.271 [main] WARN  com.nagarro.test.BaseTest - We've just greeted the user!
2023-09-06 19:16:41.271 [main] ERROR com.nagarro.test.BaseTest - We've just greeted the user!
2023-09-06 19:16:41.271 [main] FATAL com.nagarro.test.BaseTest - We've just greeted the user!
2023-09-06 19:16:42.689 [main] DEBUG com.nagarro.test.BaseTest - We've just greeted the user!
2023-09-06 19:16:42.689 [main] INFO  com.nagarro.test.BaseTest - We've just greeted the user!
2023-09-06 19:16:42.690 [main] WARN  com.nagarro.test.BaseTest - We've just greeted the user!
2023-09-06 19:16:42.690 [main] ERROR com.nagarro.test.BaseTest - We've just greeted the user!
2023-09-06 19:16:42.690 [main] FATAL com.nagarro.test.BaseTest - We've just greeted the user!
2023-09-06 19:16:46.352 [main] DEBUG com.nagarro.test.BaseTest - We've just greeted the user!
2023-09-06 19:16:46.354 [main] INFO  com.nagarro.test.BaseTest - We've just greeted the user!
2023-09-06 19:16:46.354 [main] WARN  com.nagarro.test.BaseTest - We've just greeted the user!
2023-09-06 19:16:46.354 [main] ERROR com.nagarro.test.BaseTest - We've just greeted the user!
2023-09-06 19:16:46.354 [main] FATAL com.nagarro.test.BaseTest - We've just greeted the user!
2023-09-06 19:16:48.814 [main] DEBUG com.nagarro.test.BaseTest - We've just greeted the user!
2023-09-06 19:16:48.814 [main] INFO  com.nagarro.test.BaseTest - We've just greeted the user!
2023-09-06 19:16:48.814 [main] WARN  com.nagarro.test.BaseTest - We've just greeted the user!
2023-09-06 19:16:48.814 [main] ERROR com.nagarro.test.BaseTest - We've just greeted the user!
2023-09-06 19:16:48.814 [main] FATAL com.nagarro.test.BaseTest - We've just greeted the user!
2023-09-06 19:16:52.353 [main] DEBUG com.nagarro.test.BaseTest - We've just greeted the user!
2023-09-06 19:16:52.354 [main] INFO  com.nagarro.test.BaseTest - We've just greeted the user!
2023-09-06 19:16:52.354 [main] WARN  com.nagarro.test.BaseTest - We've just greeted the user!
2023-09-06 19:16:52.354 [main] ERROR com.nagarro.test.BaseTest - We've just greeted the user!
2023-09-06 19:16:52.354 [main] FATAL com.nagarro.test.BaseTest - We've just greeted the user!
2023-09-06 19:16:54.745 [main] DEBUG com.nagarro.test.BaseTest - We've just greeted the user!
2023-09-06 19:16:54.745 [main] INFO  com.nagarro.test.BaseTest - We've just greeted the user!
2023-09-06 19:16:54.745 [main] WARN  com.nagarro.test.BaseTest - We've just greeted the user!
2023-09-06 19:16:54.746 [main] ERROR com.nagarro.test.BaseTest - We've just greeted the user!
2023-09-06 19:16:54.746 [main] FATAL com.nagarro.test.BaseTest - We've just greeted the user!
2023-09-06 19:16:57.363 [main] DEBUG com.nagarro.test.BaseTest - We've just greeted the user!
2023-09-06 19:16:57.363 [main] INFO  com.nagarro.test.BaseTest - We've just greeted the user!
2023-09-06 19:16:57.363 [main] WARN  com.nagarro.test.BaseTest - We've just greeted the user!
2023-09-06 19:16:57.363 [main] ERROR com.nagarro.test.BaseTest - We've just greeted the user!
2023-09-06 19:16:57.363 [main] FATAL com.nagarro.test.BaseTest - We've just greeted the user!
2023-09-06 19:17:00.949 [main] DEBUG com.nagarro.test.BaseTest - We've just greeted the user!
2023-09-06 19:17:00.949 [main] INFO  com.nagarro.test.BaseTest - We've just greeted the user!
2023-09-06 19:17:00.950 [main] WARN  com.nagarro.test.BaseTest - We've just greeted the user!
2023-09-06 19:17:00.950 [main] ERROR com.nagarro.test.BaseTest - We've just greeted the user!
2023-09-06 19:17:00.950 [main] FATAL com.nagarro.test.BaseTest - We've just greeted the user!
2023-09-06 19:17:04.388 [main] DEBUG com.nagarro.test.BaseTest - We've just greeted the user!
2023-09-06 19:17:04.388 [main] INFO  com.nagarro.test.BaseTest - We've just greeted the user!
2023-09-06 19:17:04.389 [main] WARN  com.nagarro.test.BaseTest - We've just greeted the user!
2023-09-06 19:17:04.389 [main] ERROR com.nagarro.test.BaseTest - We've just greeted the user!
2023-09-06 19:17:04.389 [main] FATAL com.nagarro.test.BaseTest - We've just greeted the user!
2023-09-06 19:17:06.653 [main] DEBUG com.nagarro.test.BaseTest - We've just greeted the user!
2023-09-06 19:17:06.653 [main] INFO  com.nagarro.test.BaseTest - We've just greeted the user!
2023-09-06 19:17:06.653 [main] WARN  com.nagarro.test.BaseTest - We've just greeted the user!
2023-09-06 19:17:06.654 [main] ERROR com.nagarro.test.BaseTest - We've just greeted the user!
2023-09-06 19:17:06.654 [main] FATAL com.nagarro.test.BaseTest - We've just greeted the user!
2023-09-06 19:17:08.951 [main] DEBUG com.nagarro.test.BaseTest - We've just greeted the user!
2023-09-06 19:17:08.951 [main] INFO  com.nagarro.test.BaseTest - We've just greeted the user!
2023-09-06 19:17:08.951 [main] WARN  com.nagarro.test.BaseTest - We've just greeted the user!
2023-09-06 19:17:08.951 [main] ERROR com.nagarro.test.BaseTest - We've just greeted the user!
2023-09-06 19:17:08.951 [main] FATAL com.nagarro.test.BaseTest - We've just greeted the user!
2023-09-06 19:17:12.400 [main] DEBUG com.nagarro.test.BaseTest - We've just greeted the user!
2023-09-06 19:17:12.401 [main] INFO  com.nagarro.test.BaseTest - We've just greeted the user!
2023-09-06 19:17:12.401 [main] WARN  com.nagarro.test.BaseTest - We've just greeted the user!
2023-09-06 19:17:12.401 [main] ERROR com.nagarro.test.BaseTest - We've just greeted the user!
2023-09-06 19:17:12.401 [main] FATAL com.nagarro.test.BaseTest - We've just greeted the user!
